1758607636933|1|statement|connection 24|url jdbc:h2:mem:2d6c228a-2374-4a50-847a-17bf9004c91a|drop table if exists email_password_account cascade |drop table if exists email_password_account cascade 
1758607636935|0|statement|connection 24|url jdbc:h2:mem:2d6c228a-2374-4a50-847a-17bf9004c91a|drop table if exists social_account cascade |drop table if exists social_account cascade 
1758607636936|0|statement|connection 24|url jdbc:h2:mem:2d6c228a-2374-4a50-847a-17bf9004c91a|drop table if exists users cascade |drop table if exists users cascade 
1758608169057|0|statement|connection 26|url jdbc:h2:mem:testdb|     drop table if exists email_password_account cascade |     drop table if exists email_password_account cascade 
1758608169058|0|statement|connection 26|url jdbc:h2:mem:testdb|     drop table if exists social_account cascade |     drop table if exists social_account cascade 
1758608169068|0|statement|connection 26|url jdbc:h2:mem:testdb|     drop table if exists users cascade |     drop table if exists users cascade 
1758608169072|0|statement|connection 27|url jdbc:h2:mem:6dfcf5bb-639a-4603-b884-8e3f4957c6da|     drop table if exists email_password_account cascade |     drop table if exists email_password_account cascade 
1758608169073|0|statement|connection 27|url jdbc:h2:mem:6dfcf5bb-639a-4603-b884-8e3f4957c6da|     drop table if exists social_account cascade |     drop table if exists social_account cascade 
1758608169073|0|statement|connection 27|url jdbc:h2:mem:6dfcf5bb-639a-4603-b884-8e3f4957c6da|     drop table if exists users cascade |     drop table if exists users cascade 
1758608169083|0|statement|connection 28|url jdbc:h2:mem:testdb|     drop table if exists email_password_account cascade |     drop table if exists email_password_account cascade 
1758608169084|0|statement|connection 28|url jdbc:h2:mem:testdb|     drop table if exists social_account cascade |     drop table if exists social_account cascade 
1758608169084|0|statement|connection 28|url jdbc:h2:mem:testdb|     drop table if exists users cascade |     drop table if exists users cascade 
1758608245024|0|statement|connection 26|url jdbc:h2:mem:testdb|     drop table if exists email_password_account cascade |     drop table if exists email_password_account cascade 
1758608245025|0|statement|connection 26|url jdbc:h2:mem:testdb|     drop table if exists social_account cascade |     drop table if exists social_account cascade 
1758608245025|0|statement|connection 26|url jdbc:h2:mem:testdb|     drop table if exists users cascade |     drop table if exists users cascade 
1758608245031|0|statement|connection 27|url jdbc:h2:mem:469e605e-328e-42a9-b0cb-bd9add13e201|     drop table if exists email_password_account cascade |     drop table if exists email_password_account cascade 
1758608245032|0|statement|connection 27|url jdbc:h2:mem:469e605e-328e-42a9-b0cb-bd9add13e201|     drop table if exists social_account cascade |     drop table if exists social_account cascade 
1758608245033|0|statement|connection 27|url jdbc:h2:mem:469e605e-328e-42a9-b0cb-bd9add13e201|     drop table if exists users cascade |     drop table if exists users cascade 
1758608245040|0|statement|connection 28|url jdbc:h2:mem:testdb|     drop table if exists email_password_account cascade |     drop table if exists email_password_account cascade 
1758608245040|0|statement|connection 28|url jdbc:h2:mem:testdb|     drop table if exists social_account cascade |     drop table if exists social_account cascade 
1758608245041|0|statement|connection 28|url jdbc:h2:mem:testdb|     drop table if exists users cascade |     drop table if exists users cascade 
1758609438197|2|statement|connection 26|url jdbc:h2:mem:testdb|     drop table if exists email_password_account cascade |     drop table if exists email_password_account cascade 
1758609438198|0|statement|connection 26|url jdbc:h2:mem:testdb|     drop table if exists social_account cascade |     drop table if exists social_account cascade 
1758609438199|0|statement|connection 26|url jdbc:h2:mem:testdb|     drop table if exists users cascade |     drop table if exists users cascade 
1758609438219|0|statement|connection 27|url jdbc:h2:mem:testdb|     drop table if exists email_password_account cascade |     drop table if exists email_password_account cascade 
1758609438221|0|statement|connection 27|url jdbc:h2:mem:testdb|     drop table if exists social_account cascade |     drop table if exists social_account cascade 
1758609438221|0|statement|connection 27|url jdbc:h2:mem:testdb|     drop table if exists users cascade |     drop table if exists users cascade 
1758609438246|0|statement|connection 28|url jdbc:h2:mem:testdb|     drop table if exists email_password_account cascade |     drop table if exists email_password_account cascade 
1758609438251|0|statement|connection 28|url jdbc:h2:mem:testdb|     drop table if exists social_account cascade |     drop table if exists social_account cascade 
1758609438251|0|statement|connection 28|url jdbc:h2:mem:testdb|     drop table if exists users cascade |     drop table if exists users cascade 
1758609660900|1|statement|connection 26|url jdbc:h2:mem:testdb|     drop table if exists email_password_account cascade |     drop table if exists email_password_account cascade 
1758609660901|0|statement|connection 26|url jdbc:h2:mem:testdb|     drop table if exists social_account cascade |     drop table if exists social_account cascade 
1758609660902|0|statement|connection 26|url jdbc:h2:mem:testdb|     drop table if exists users cascade |     drop table if exists users cascade 
1758609660920|0|statement|connection 27|url jdbc:h2:mem:testdb|     drop table if exists email_password_account cascade |     drop table if exists email_password_account cascade 
1758609660921|0|statement|connection 27|url jdbc:h2:mem:testdb|     drop table if exists social_account cascade |     drop table if exists social_account cascade 
1758609660921|0|statement|connection 27|url jdbc:h2:mem:testdb|     drop table if exists users cascade |     drop table if exists users cascade 
1758609660932|0|statement|connection 28|url jdbc:h2:mem:testdb|     drop table if exists email_password_account cascade |     drop table if exists email_password_account cascade 
1758609660933|0|statement|connection 28|url jdbc:h2:mem:testdb|     drop table if exists social_account cascade |     drop table if exists social_account cascade 
1758609660933|0|statement|connection 28|url jdbc:h2:mem:testdb|     drop table if exists users cascade |     drop table if exists users cascade 
1758609764486|1|statement|connection 26|url jdbc:h2:mem:testdb|     drop table if exists email_password_account cascade |     drop table if exists email_password_account cascade 
1758609764488|0|statement|connection 26|url jdbc:h2:mem:testdb|     drop table if exists social_account cascade |     drop table if exists social_account cascade 
1758609764488|0|statement|connection 26|url jdbc:h2:mem:testdb|     drop table if exists users cascade |     drop table if exists users cascade 
1758609764505|0|statement|connection 27|url jdbc:h2:mem:testdb|     drop table if exists email_password_account cascade |     drop table if exists email_password_account cascade 
1758609764508|1|statement|connection 27|url jdbc:h2:mem:testdb|     drop table if exists social_account cascade |     drop table if exists social_account cascade 
1758609764510|0|statement|connection 27|url jdbc:h2:mem:testdb|     drop table if exists users cascade |     drop table if exists users cascade 
1758609764526|0|statement|connection 28|url jdbc:h2:mem:testdb|     drop table if exists email_password_account cascade |     drop table if exists email_password_account cascade 
1758609764527|0|statement|connection 28|url jdbc:h2:mem:testdb|     drop table if exists social_account cascade |     drop table if exists social_account cascade 
1758609764527|0|statement|connection 28|url jdbc:h2:mem:testdb|     drop table if exists users cascade |     drop table if exists users cascade 
1758609866146|1|statement|connection 26|url jdbc:h2:mem:testdb|     drop table if exists email_password_account cascade |     drop table if exists email_password_account cascade 
1758609866147|0|statement|connection 26|url jdbc:h2:mem:testdb|     drop table if exists social_account cascade |     drop table if exists social_account cascade 
1758609866147|0|statement|connection 26|url jdbc:h2:mem:testdb|     drop table if exists users cascade |     drop table if exists users cascade 
1758609866161|0|statement|connection 27|url jdbc:h2:mem:testdb|     drop table if exists email_password_account cascade |     drop table if exists email_password_account cascade 
1758609866161|0|statement|connection 27|url jdbc:h2:mem:testdb|     drop table if exists social_account cascade |     drop table if exists social_account cascade 
1758609866161|0|statement|connection 27|url jdbc:h2:mem:testdb|     drop table if exists users cascade |     drop table if exists users cascade 
1758609866182|0|statement|connection 28|url jdbc:h2:mem:testdb|     drop table if exists email_password_account cascade |     drop table if exists email_password_account cascade 
1758609866183|0|statement|connection 28|url jdbc:h2:mem:testdb|     drop table if exists social_account cascade |     drop table if exists social_account cascade 
1758609866183|0|statement|connection 28|url jdbc:h2:mem:testdb|     drop table if exists users cascade |     drop table if exists users cascade 
1758609953756|1|statement|connection 26|url jdbc:h2:mem:testdb|     drop table if exists email_password_account cascade |     drop table if exists email_password_account cascade 
1758609953757|0|statement|connection 26|url jdbc:h2:mem:testdb|     drop table if exists social_account cascade |     drop table if exists social_account cascade 
1758609953757|0|statement|connection 26|url jdbc:h2:mem:testdb|     drop table if exists users cascade |     drop table if exists users cascade 
1758609953777|0|statement|connection 27|url jdbc:h2:mem:testdb|     drop table if exists email_password_account cascade |     drop table if exists email_password_account cascade 
1758609953779|0|statement|connection 27|url jdbc:h2:mem:testdb|     drop table if exists social_account cascade |     drop table if exists social_account cascade 
1758609953779|0|statement|connection 27|url jdbc:h2:mem:testdb|     drop table if exists users cascade |     drop table if exists users cascade 
1758609953797|0|statement|connection 28|url jdbc:h2:mem:testdb|     drop table if exists email_password_account cascade |     drop table if exists email_password_account cascade 
1758609953797|0|statement|connection 28|url jdbc:h2:mem:testdb|     drop table if exists social_account cascade |     drop table if exists social_account cascade 
1758609953797|0|statement|connection 28|url jdbc:h2:mem:testdb|     drop table if exists users cascade |     drop table if exists users cascade 
1758609985257|0|statement|connection 26|url jdbc:h2:mem:testdb|     drop table if exists email_password_account cascade |     drop table if exists email_password_account cascade 
1758609985258|0|statement|connection 26|url jdbc:h2:mem:testdb|     drop table if exists social_account cascade |     drop table if exists social_account cascade 
1758609985258|0|statement|connection 26|url jdbc:h2:mem:testdb|     drop table if exists users cascade |     drop table if exists users cascade 
1758609985263|0|statement|connection 27|url jdbc:h2:mem:53ba16de-4cdd-4ce5-8e40-b694226670b4|     drop table if exists email_password_account cascade |     drop table if exists email_password_account cascade 
1758609985264|0|statement|connection 27|url jdbc:h2:mem:53ba16de-4cdd-4ce5-8e40-b694226670b4|     drop table if exists social_account cascade |     drop table if exists social_account cascade 
1758609985265|0|statement|connection 27|url jdbc:h2:mem:53ba16de-4cdd-4ce5-8e40-b694226670b4|     drop table if exists users cascade |     drop table if exists users cascade 
1758609985277|0|statement|connection 28|url jdbc:h2:mem:testdb|     drop table if exists email_password_account cascade |     drop table if exists email_password_account cascade 
1758609985277|0|statement|connection 28|url jdbc:h2:mem:testdb|     drop table if exists social_account cascade |     drop table if exists social_account cascade 
1758609985277|0|statement|connection 28|url jdbc:h2:mem:testdb|     drop table if exists users cascade |     drop table if exists users cascade 
